Building matrices with L=30
6
3 0    4 2
6 0    7 2
0 0    2 2
1 5    7 5
2 0    8 0
2 1    8 1
2 2    8 2
2 3    8 3
2 4    8 4
2 5    8 5
3 0    9 0
3 1    9 1
3 2    9 2
3 3    9 3
3 4    9 4
3 5    9 5
4 0    10 0
4 1    10 1
4 2    10 2
4 3    10 3
4 4    10 4
4 5    10 5
5 0    11 0
5 1    11 1
5 2    11 2
5 3    11 3
5 4    11 4
5 5    11 5
6 0    12 0
6 1    12 1
6 2    12 2
6 3    12 3
6 4    12 4
6 5    12 5
7 0    13 0
7 1    13 1
7 2    13 2
7 3    13 3
7 4    13 4
7 5    13 5
1 3    7 3
2 0    8 0
2 1    8 1
2 2    8 2
2 3    8 3
2 4    8 4
2 5    8 5
3 0    9 0
3 1    9 1
3 2    9 2
3 3    9 3
3 4    9 4
3 5    9 5
4 0    10 0
4 1    10 1
4 2    10 2
4 3    10 3
4 4    10 4
4 5    10 5
5 0    11 0
5 1    11 1
5 2    11 2
5 3    11 3
5 4    11 4
5 5    11 5
6 0    12 0
6 1    12 1
6 2    12 2
6 3    12 3
6 4    12 4
6 5    12 5
7 0    13 0
7 1    13 1
7 2    13 2
7 3    13 3
7 4    13 4
7 5    13 5
0 4    6 4
2 0    8 0
2 1    8 1
2 2    8 2
2 3    8 3
2 4    8 4
2 5    8 5
3 0    9 0
3 1    9 1
3 2    9 2
3 3    9 3
3 4    9 4
3 5    9 5
4 0    10 0
4 1    10 1
4 2    10 2
4 3    10 3
4 4    10 4
4 5    10 5
5 0    11 0
5 1    11 1
5 2    11 2
5 3    11 3
5 4    11 4
5 5    11 5
6 0    12 0
6 1    12 1
6 2    12 2
6 3    12 3
6 4    12 4
6 5    12 5
7 0    13 0
7 1    13 1
7 2    13 2
7 3    13 3
7 4    13 4
7 5    13 5
