Time limit set to 40 seconds
Number of threads set to 3
Policy set to 1
W = 6, L in [8, 26], num_boxes = 12
L = 26	t = 0.002 s
L = 25	t = 0.002 s
L = 24	t = 0.002 s
L = 23	t = 0.002 s
L = 22	t = 0.004 s
L = 21	t = 0.004 s
L = 20	t = 0.005 s
L = 19	t = 0.005 s
L = 17	t = 0.005 s
L = 16	t = 0.009 s
L = 15	t = 0.009 s
L = 14	t = 0.012 s
L = 13	t = 0.015 s
L = 12	t = 0.016 s
L = 11	t = 0.040 s
L = 10	t = 26.655 s
Time limit reached
Nodes explored:   2169555
Failed nodes:     1084707
Propagators used: 779317677
Depth reached:    41
