Time limit set to 10 seconds
Number of threads set to 1
Policy set to 1
W = 6, L in [13, 31], num_boxes = 11
L = 30	t = 0.002 s
L = 29	t = 0.002 s
L = 28	t = 0.002 s
L = 27	t = 0.002 s
L = 26	t = 0.003 s
L = 25	t = 0.003 s
L = 24	t = 0.004 s
L = 22	t = 0.004 s
L = 21	t = 0.004 s
L = 19	t = 0.005 s
L = 18	t = 0.005 s
L = 17	t = 0.005 s
L = 16	t = 0.798 s
L = 15	t = 0.798 s
L = 14	t = 3.212 s
L = 13	t = 3.213 s
Nodes explored:   87495
Failed nodes:     43718
Propagators used: 32731299
Depth reached:    50
