Time limit set to 40 seconds
Number of threads set to 3
Policy set to 1
W = 10, L in [4, 26], num_boxes = 10
L = 25	t = 0.002 s
L = 23	t = 0.002 s
L = 22	t = 0.004 s
L = 20	t = 0.004 s
L = 19	t = 0.004 s
L = 18	t = 0.006 s
L = 16	t = 0.007 s
L = 15	t = 0.008 s
L = 14	t = 0.010 s
L = 11	t = 0.012 s
L = 10	t = 0.013 s
L = 9	t = 0.013 s
L = 8	t = 0.013 s
L = 7	t = 7.823 s
L = 6	t = 7.831 s
L = 5	t = 7.878 s
L = 4	t = 7.881 s
Nodes explored:   275919
Failed nodes:     137912
Propagators used: 50965745
Depth reached:    39
