Time limit set to 115 seconds
Number of threads set to 4
Policy set to 1
W = 4, L in [13, 37], num_boxes = 13
L = 36	t = 0.002 s
L = 35	t = 0.002 s
L = 34	t = 0.002 s
L = 30	t = 0.004 s
L = 29	t = 0.004 s
L = 28	t = 0.005 s
L = 27	t = 0.007 s
L = 26	t = 0.010 s
L = 24	t = 0.017 s
L = 23	t = 0.017 s
L = 22	t = 0.026 s
L = 21	t = 0.031 s
L = 20	t = 0.033 s
L = 19	t = 0.143 s
L = 18	t = 0.192 s
L = 17	t = 0.372 s
L = 16	t = 0.637 s
L = 15	t = 8.024 s
Time limit reached
Nodes explored:   6376464
Failed nodes:     3188148
Propagators used: 1383688116
Depth reached:    52
